<?xml version="1.0" encoding="UTF-8"?>
<!-- Generated by org.testng.reporters.JUnitXMLReporter -->
<testsuite hostname="IVC17-046" ignored="0" name="Default test" tests="56" failures="3" timestamp="27 Jun 2021 12:34:19 GMT" time="32.592" errors="0">
  <testcase name="checkContentType" time="0.012" classname="com.emp.testcases.TC005_DeleteEmpInfo"/>
  <testcase name="checkResposeBody" time="0.002" classname="com.emp.testcases.TC005_DeleteEmpInfo"/>
  <testcase name="checkStatusCode" time="0.002" classname="com.emp.testcases.TC005_DeleteEmpInfo"/>
  <testcase name="checkcontentEncoding" time="0.001" classname="com.emp.testcases.TC005_DeleteEmpInfo"/>
  <testcase name="checkserverType" time="0.001" classname="com.emp.testcases.TC005_DeleteEmpInfo"/>
  <testcase name="checkstatusLine" time="0.001" classname="com.emp.testcases.TC005_DeleteEmpInfo"/>
  <testcase name="checkContentType" time="0.0" classname="com.orwrites.testcases.TC003_Post_Employee_Record"/>
  <testcase name="checkResposeBody" time="0.001" classname="com.orwrites.testcases.TC003_Post_Employee_Record"/>
  <testcase name="checkStatusCode" time="0.001" classname="com.orwrites.testcases.TC003_Post_Employee_Record"/>
  <testcase name="checkcontentEncoding" time="0.001" classname="com.orwrites.testcases.TC003_Post_Employee_Record"/>
  <testcase name="checkserverType" time="0.001" classname="com.orwrites.testcases.TC003_Post_Employee_Record"/>
  <testcase name="checkstatusLine" time="0.001" classname="com.orwrites.testcases.TC003_Post_Employee_Record"/>
  <testcase name="RegistrationSuccessful" time="0.381" classname="com.orwrites.testcases.TC002_POST_Request"/>
  <testcase name="getPersonDetails" time="0.141" classname="com.orwrites.testcases.TC001_Get_Request"/>
  <testcase name="checkContentType" time="0.001" classname="com.emp.testcases.TC004_PutEmpInfo"/>
  <testcase name="checkResposeBody" time="0.001" classname="com.emp.testcases.TC004_PutEmpInfo"/>
  <testcase name="checkStatusCode" time="0.0" classname="com.emp.testcases.TC004_PutEmpInfo"/>
  <testcase name="checkcontentEncoding" time="0.0" classname="com.emp.testcases.TC004_PutEmpInfo"/>
  <testcase name="checkserverType" time="0.001" classname="com.emp.testcases.TC004_PutEmpInfo"/>
  <testcase name="checkstatusLine" time="0.0" classname="com.emp.testcases.TC004_PutEmpInfo"/>
  <testcase name="checkContentType" time="0.001" classname="com.orwrites.testcases.TC004_Put_Employee_Record">
    <failure type="java.lang.AssertionError" message="expected [text/html; charset=UTF-8] but found [application/json]">
      <![CDATA[java.lang.AssertionError: expected [text/html; charset=UTF-8] but found [application/json]
at org.testng.Assert.fail(Assert.java:96)
at org.testng.Assert.failNotEquals(Assert.java:776)
at org.testng.Assert.assertEqualsImpl(Assert.java:137)
at org.testng.Assert.assertEquals(Assert.java:118)
at org.testng.Assert.assertEquals(Assert.java:453)
at org.testng.Assert.assertEquals(Assert.java:463)
at com.orwrites.testcases.TC004_Put_Employee_Record.checkContentType(TC004_Put_Employee_Record.java:77)
at sun.reflect.NativeMethodAccessorImpl.invoke0(Native Method)
at sun.reflect.NativeMethodAccessorImpl.invoke(NativeMethodAccessorImpl.java:62)
at sun.reflect.DelegatingMethodAccessorImpl.invoke(DelegatingMethodAccessorImpl.java:43)
at java.lang.reflect.Method.invoke(Method.java:498)
at org.testng.internal.MethodInvocationHelper.invokeMethod(MethodInvocationHelper.java:124)
at org.testng.internal.Invoker.invokeMethod(Invoker.java:583)
at org.testng.internal.Invoker.invokeTestMethod(Invoker.java:719)
at org.testng.internal.Invoker.invokeTestMethods(Invoker.java:989)
at org.testng.internal.TestMethodWorker.invokeTestMethods(TestMethodWorker.java:125)
at org.testng.internal.TestMethodWorker.run(TestMethodWorker.java:109)
at org.testng.TestRunner.privateRun(TestRunner.java:648)
at org.testng.TestRunner.run(TestRunner.java:505)
at org.testng.SuiteRunner.runTest(SuiteRunner.java:455)
at org.testng.SuiteRunner.runSequentially(SuiteRunner.java:450)
at org.testng.SuiteRunner.privateRun(SuiteRunner.java:415)
at org.testng.SuiteRunner.run(SuiteRunner.java:364)
at org.testng.SuiteRunnerWorker.runSuite(SuiteRunnerWorker.java:52)
at org.testng.SuiteRunnerWorker.run(SuiteRunnerWorker.java:84)
at org.testng.TestNG.runSuitesSequentially(TestNG.java:1208)
at org.testng.TestNG.runSuitesLocally(TestNG.java:1137)
at org.testng.TestNG.runSuites(TestNG.java:1049)
at org.testng.TestNG.run(TestNG.java:1017)
at org.testng.remote.AbstractRemoteTestNG.run(AbstractRemoteTestNG.java:132)
at org.testng.remote.RemoteTestNG.initAndRun(RemoteTestNG.java:230)
at org.testng.remote.RemoteTestNG.main(RemoteTestNG.java:76)
]]>
    </failure>
  </testcase> <!-- checkContentType -->
  <testcase name="checkResposeBody" time="0.001" classname="com.orwrites.testcases.TC004_Put_Employee_Record"/>
  <testcase name="checkStatusCode" time="0.001" classname="com.orwrites.testcases.TC004_Put_Employee_Record"/>
  <testcase name="checkcontentEncoding" time="0.0" classname="com.orwrites.testcases.TC004_Put_Employee_Record"/>
  <testcase name="checkserverType" time="0.001" classname="com.orwrites.testcases.TC004_Put_Employee_Record">
    <failure type="java.lang.AssertionError" message="expected [nginx/1.14.1] but found [cloudflare]">
      <![CDATA[java.lang.AssertionError: expected [nginx/1.14.1] but found [cloudflare]
at org.testng.Assert.fail(Assert.java:96)
at org.testng.Assert.failNotEquals(Assert.java:776)
at org.testng.Assert.assertEqualsImpl(Assert.java:137)
at org.testng.Assert.assertEquals(Assert.java:118)
at org.testng.Assert.assertEquals(Assert.java:453)
at org.testng.Assert.assertEquals(Assert.java:463)
at com.orwrites.testcases.TC004_Put_Employee_Record.checkserverType(TC004_Put_Employee_Record.java:83)
at sun.reflect.NativeMethodAccessorImpl.invoke0(Native Method)
at sun.reflect.NativeMethodAccessorImpl.invoke(NativeMethodAccessorImpl.java:62)
at sun.reflect.DelegatingMethodAccessorImpl.invoke(DelegatingMethodAccessorImpl.java:43)
at java.lang.reflect.Method.invoke(Method.java:498)
at org.testng.internal.MethodInvocationHelper.invokeMethod(MethodInvocationHelper.java:124)
at org.testng.internal.Invoker.invokeMethod(Invoker.java:583)
at org.testng.internal.Invoker.invokeTestMethod(Invoker.java:719)
at org.testng.internal.Invoker.invokeTestMethods(Invoker.java:989)
at org.testng.internal.TestMethodWorker.invokeTestMethods(TestMethodWorker.java:125)
at org.testng.internal.TestMethodWorker.run(TestMethodWorker.java:109)
at org.testng.TestRunner.privateRun(TestRunner.java:648)
at org.testng.TestRunner.run(TestRunner.java:505)
at org.testng.SuiteRunner.runTest(SuiteRunner.java:455)
at org.testng.SuiteRunner.runSequentially(SuiteRunner.java:450)
at org.testng.SuiteRunner.privateRun(SuiteRunner.java:415)
at org.testng.SuiteRunner.run(SuiteRunner.java:364)
at org.testng.SuiteRunnerWorker.runSuite(SuiteRunnerWorker.java:52)
at org.testng.SuiteRunnerWorker.run(SuiteRunnerWorker.java:84)
at org.testng.TestNG.runSuitesSequentially(TestNG.java:1208)
at org.testng.TestNG.runSuitesLocally(TestNG.java:1137)
at org.testng.TestNG.runSuites(TestNG.java:1049)
at org.testng.TestNG.run(TestNG.java:1017)
at org.testng.remote.AbstractRemoteTestNG.run(AbstractRemoteTestNG.java:132)
at org.testng.remote.RemoteTestNG.initAndRun(RemoteTestNG.java:230)
at org.testng.remote.RemoteTestNG.main(RemoteTestNG.java:76)
]]>
    </failure>
  </testcase> <!-- checkserverType -->
  <testcase name="checkstatusLine" time="0.001" classname="com.orwrites.testcases.TC004_Put_Employee_Record"/>
  <testcase name="RegistrationSuccessful" time="0.387" classname="com.orwrites.testcases.Temp_Post_Req"/>
  <testcase name="checkContentType" time="0.001" classname="com.emp.testcases.TC003_PostEmpInfo"/>
  <testcase name="checkResposeBody" time="0.002" classname="com.emp.testcases.TC003_PostEmpInfo"/>
  <testcase name="checkStatusCode" time="0.001" classname="com.emp.testcases.TC003_PostEmpInfo"/>
  <testcase name="checkcontentEncoding" time="0.0" classname="com.emp.testcases.TC003_PostEmpInfo"/>
  <testcase name="checkserverType" time="0.0" classname="com.emp.testcases.TC003_PostEmpInfo"/>
  <testcase name="checkstatusLine" time="0.001" classname="com.emp.testcases.TC003_PostEmpInfo"/>
  <testcase name="auth" time="0.134" classname="com.orwrites.testcases.TC006_Get_Request_Autherization"/>
  <testcase name="addEmp" time="0.571" classname="com.orwrites.util.AddNewEmpDataDrivenTest"/>
  <testcase name="addEmp" time="0.576" classname="com.orwrites.util.AddNewEmpDataDrivenTest"/>
  <testcase name="addEmp" time="0.545" classname="com.orwrites.util.AddNewEmpDataDrivenTest"/>
  <testcase name="addEmp" time="0.558" classname="com.orwrites.util.AddNewEmpDataDrivenTest"/>
  <testcase name="addEmp" time="0.533" classname="com.orwrites.util.AddNewEmpDataDrivenTest">
    <failure type="java.lang.AssertionError" message="expected [true] but found [false]">
      <![CDATA[java.lang.AssertionError: expected [true] but found [false]
at org.testng.Assert.fail(Assert.java:96)
at org.testng.Assert.failNotEquals(Assert.java:776)
at org.testng.Assert.assertEqualsImpl(Assert.java:137)
at org.testng.Assert.assertEquals(Assert.java:118)
at org.testng.Assert.assertEquals(Assert.java:568)
at org.testng.Assert.assertEquals(Assert.java:578)
at com.orwrites.util.AddNewEmpDataDrivenTest.addEmp(AddNewEmpDataDrivenTest.java:45)
at sun.reflect.NativeMethodAccessorImpl.invoke0(Native Method)
at sun.reflect.NativeMethodAccessorImpl.invoke(NativeMethodAccessorImpl.java:62)
at sun.reflect.DelegatingMethodAccessorImpl.invoke(DelegatingMethodAccessorImpl.java:43)
at java.lang.reflect.Method.invoke(Method.java:498)
at org.testng.internal.MethodInvocationHelper.invokeMethod(MethodInvocationHelper.java:124)
at org.testng.internal.Invoker.invokeMethod(Invoker.java:583)
at org.testng.internal.Invoker.invokeTestMethod(Invoker.java:719)
at org.testng.internal.Invoker.invokeTestMethods(Invoker.java:989)
at org.testng.internal.TestMethodWorker.invokeTestMethods(TestMethodWorker.java:125)
at org.testng.internal.TestMethodWorker.run(TestMethodWorker.java:109)
at org.testng.TestRunner.privateRun(TestRunner.java:648)
at org.testng.TestRunner.run(TestRunner.java:505)
at org.testng.SuiteRunner.runTest(SuiteRunner.java:455)
at org.testng.SuiteRunner.runSequentially(SuiteRunner.java:450)
at org.testng.SuiteRunner.privateRun(SuiteRunner.java:415)
at org.testng.SuiteRunner.run(SuiteRunner.java:364)
at org.testng.SuiteRunnerWorker.runSuite(SuiteRunnerWorker.java:52)
at org.testng.SuiteRunnerWorker.run(SuiteRunnerWorker.java:84)
at org.testng.TestNG.runSuitesSequentially(TestNG.java:1208)
at org.testng.TestNG.runSuitesLocally(TestNG.java:1137)
at org.testng.TestNG.runSuites(TestNG.java:1049)
at org.testng.TestNG.run(TestNG.java:1017)
at org.testng.remote.AbstractRemoteTestNG.run(AbstractRemoteTestNG.java:132)
at org.testng.remote.RemoteTestNG.initAndRun(RemoteTestNG.java:230)
at org.testng.remote.RemoteTestNG.main(RemoteTestNG.java:76)
]]>
    </failure>
  </testcase> <!-- addEmp -->
  <testcase name="googleMapTest" time="0.189" classname="com.orwrites.testcases.TC003_Get_Request_GoogleMapAllGeaders"/>
  <testcase name="checkContentType" time="0.0" classname="com.emp.testcases.TC002_GetEmpInfo"/>
  <testcase name="checkResponseBody" time="0.001" classname="com.emp.testcases.TC002_GetEmpInfo"/>
  <testcase name="checkResponseTime" time="0.001" classname="com.emp.testcases.TC002_GetEmpInfo"/>
  <testcase name="checkServerType" time="0.0" classname="com.emp.testcases.TC002_GetEmpInfo"/>
  <testcase name="checkStatusCode" time="0.001" classname="com.emp.testcases.TC002_GetEmpInfo"/>
  <testcase name="statusLine" time="0.0" classname="com.emp.testcases.TC002_GetEmpInfo"/>
  <testcase name="checkContentEncoding" time="0.001" classname="com.emp.testcases.TC001_GetAllEmpInfo"/>
  <testcase name="checkContentLength" time="0.004" classname="com.emp.testcases.TC001_GetAllEmpInfo"/>
  <testcase name="checkContentType" time="0.002" classname="com.emp.testcases.TC001_GetAllEmpInfo"/>
  <testcase name="checkCookies" time="0.002" classname="com.emp.testcases.TC001_GetAllEmpInfo"/>
  <testcase name="checkResponseBody" time="0.002" classname="com.emp.testcases.TC001_GetAllEmpInfo"/>
  <testcase name="checkResponseTime" time="0.001" classname="com.emp.testcases.TC001_GetAllEmpInfo"/>
  <testcase name="checkServerType" time="0.001" classname="com.emp.testcases.TC001_GetAllEmpInfo"/>
  <testcase name="checkStatusCode" time="0.001" classname="com.emp.testcases.TC001_GetAllEmpInfo"/>
  <testcase name="statusLine" time="0.002" classname="com.emp.testcases.TC001_GetAllEmpInfo"/>
  <testcase name="test2" time="0.429" classname="com.orwrites.testcases.TC005_Put_Request"/>
</testsuite> <!-- Default test -->
