<html>
<head>
<title>TestNG:  Default test</title>
<link href="../testng.css" rel="stylesheet" type="text/css" />
<link href="../my-testng.css" rel="stylesheet" type="text/css" />

<style type="text/css">
.log { display: none;} 
.stack-trace { display: none;} 
</style>
<script type="text/javascript">
<!--
function flip(e) {
  current = e.style.display;
  if (current == 'block') {
    e.style.display = 'none';
    return 0;
  }
  else {
    e.style.display = 'block';
    return 1;
  }
}

function toggleBox(szDivId, elem, msg1, msg2)
{
  var res = -1;  if (document.getElementById) {
    res = flip(document.getElementById(szDivId));
  }
  else if (document.all) {
    // this is the way old msie versions work
    res = flip(document.all[szDivId]);
  }
  if(elem) {
    if(res == 0) elem.innerHTML = msg1; else elem.innerHTML = msg2;
  }

}

function toggleAllBoxes() {
  if (document.getElementsByTagName) {
    d = document.getElementsByTagName('div');
    for (i = 0; i < d.length; i++) {
      if (d[i].className == 'log') {
        flip(d[i]);
      }
    }
  }
}

// -->
</script>

</head>
<body>
<h2 align='center'>Default test</h2><table border='1' align="center">
<tr>
<td>Tests passed/Failed/Skipped:</td><td>53/3/0</td>
</tr><tr>
<td>Started on:</td><td>Sun Jun 27 08:33:46 EDT 2021</td>
</tr>
<tr><td>Total time:</td><td>32 seconds (32592 ms)</td>
</tr><tr>
<td>Included groups:</td><td></td>
</tr><tr>
<td>Excluded groups:</td><td></td>
</tr>
</table><p/>
<small><i>(Hover the method name to see the test class name)</i></small><p/>
<table width='100%' border='1' class='invocation-failed'>
<tr><td colspan='4' align='center'><b>FAILED TESTS</b></td></tr>
<tr><td><b>Test method</b></td>
<td width="30%"><b>Exception</b></td>
<td width="10%"><b>Time (seconds)</b></td>
<td><b>Instance</b></td>
</tr>
<tr>
<td title='com.orwrites.util.AddNewEmpDataDrivenTest.addEmp()'><b>addEmp</b><br>Test class: com.orwrites.util.AddNewEmpDataDrivenTest<br>Parameters: mngr335433, 5000, 45</td>
<td><div><pre>java.lang.AssertionError: expected [true] but found [false]
	at org.testng.Assert.fail(Assert.java:96)
	at org.testng.Assert.failNotEquals(Assert.java:776)
	at org.testng.Assert.assertEqualsImpl(Assert.java:137)
	at org.testng.Assert.assertEquals(Assert.java:118)
	at org.testng.Assert.assertEquals(Assert.java:568)
	at org.testng.Assert.assertEquals(Assert.java:578)
	at com.orwrites.util.AddNewEmpDataDrivenTest.addEmp(AddNewEmpDataDrivenTest.java:45)
	at sun.reflect.NativeMethodAccessorImpl.invoke0(Native Method)
	at sun.reflect.NativeMethodAccessorImpl.invoke(NativeMethodAccessorImpl.java:62)
	at sun.reflect.DelegatingMethodAccessorImpl.invoke(DelegatingMethodAccessorImpl.java:43)
	at java.lang.reflect.Method.invoke(Method.java:498)
	at org.testng.internal.MethodInvocationHelper.invokeMethod(MethodInvocationHelper.java:124)
	at org.testng.internal.Invoker.invokeMethod(Invoker.java:583)
	at org.testng.internal.Invoker.invokeTestMethod(Invoker.java:719)
	at org.testng.internal.Invoker.invokeTestMethods(Invoker.java:989)
	at org.testng.internal.TestMethodWorker.invokeTestMethods(TestMethodWorker.java:125)
	at org.testng.internal.TestMethodWorker.run(TestMethodWorker.java:109)
	at org.testng.TestRunner.privateRun(TestRunner.java:648)
	at org.testng.TestRunner.run(TestRunner.java:505)
	at org.testng.SuiteRunner.runTest(SuiteRunner.java:455)
	at org.testng.SuiteRunner.runSequentially(SuiteRunner.java:450)
	at org.testng.SuiteRunner.privateRun(SuiteRunner.java:415)
	at org.testng.SuiteRunner.run(SuiteRunner.java:364)
	at org.testng.SuiteRunnerWorker.runSuite(SuiteRunnerWorker.java:52)
	at org.testng.SuiteRunnerWorker.run(SuiteRunnerWorker.java:84)
	at org.testng.TestNG.runSuitesSequentially(TestNG.java:1208)
	at org.testng.TestNG.runSuitesLocally(TestNG.java:1137)
	at org.testng.TestNG.runSuites(TestNG.java:1049)
	at org.testng.TestNG.run(TestNG.java:1017)
	at org.testng.remote.AbstractRemoteTestNG.run(AbstractRemoteTestNG.java:132)
	at org.testng.remote.RemoteTestNG.initAndRun(RemoteTestNG.java:230)
	at org.testng.remote.RemoteTestNG.main(RemoteTestNG.java:76)
</pre></div><a href='#' onClick='toggleBox("stack-trace131096911", this, "Click to show all stack frames", "Click to hide stack frames")'>Click to show all stack frames</a>
<div class='stack-trace' id='stack-trace131096911'><pre>java.lang.AssertionError: expected [true] but found [false]
	at org.testng.Assert.fail(Assert.java:96)
	at org.testng.Assert.failNotEquals(Assert.java:776)
	at org.testng.Assert.assertEqualsImpl(Assert.java:137)
	at org.testng.Assert.assertEquals(Assert.java:118)
	at org.testng.Assert.assertEquals(Assert.java:568)
	at org.testng.Assert.assertEquals(Assert.java:578)
	at com.orwrites.util.AddNewEmpDataDrivenTest.addEmp(AddNewEmpDataDrivenTest.java:45)
	at sun.reflect.NativeMethodAccessorImpl.invoke0(Native Method)
	at sun.reflect.NativeMethodAccessorImpl.invoke(NativeMethodAccessorImpl.java:62)
	at sun.reflect.DelegatingMethodAccessorImpl.invoke(DelegatingMethodAccessorImpl.java:43)
	at java.lang.reflect.Method.invoke(Method.java:498)
	at org.testng.internal.MethodInvocationHelper.invokeMethod(MethodInvocationHelper.java:124)
	at org.testng.internal.Invoker.invokeMethod(Invoker.java:583)
	at org.testng.internal.Invoker.invokeTestMethod(Invoker.java:719)
	at org.testng.internal.Invoker.invokeTestMethods(Invoker.java:989)
	at org.testng.internal.TestMethodWorker.invokeTestMethods(TestMethodWorker.java:125)
	at org.testng.internal.TestMethodWorker.run(TestMethodWorker.java:109)
	at org.testng.TestRunner.privateRun(TestRunner.java:648)
	at org.testng.TestRunner.run(TestRunner.java:505)
	at org.testng.SuiteRunner.runTest(SuiteRunner.java:455)
	at org.testng.SuiteRunner.runSequentially(SuiteRunner.java:450)
	at org.testng.SuiteRunner.privateRun(SuiteRunner.java:415)
	at org.testng.SuiteRunner.run(SuiteRunner.java:364)
	at org.testng.SuiteRunnerWorker.runSuite(SuiteRunnerWorker.java:52)
	at org.testng.SuiteRunnerWorker.run(SuiteRunnerWorker.java:84)
	at org.testng.TestNG.runSuitesSequentially(TestNG.java:1208)
	at org.testng.TestNG.runSuitesLocally(TestNG.java:1137)
	at org.testng.TestNG.runSuites(TestNG.java:1049)
	at org.testng.TestNG.run(TestNG.java:1017)
	at org.testng.remote.AbstractRemoteTestNG.run(AbstractRemoteTestNG.java:132)
	at org.testng.remote.RemoteTestNG.initAndRun(RemoteTestNG.java:230)
	at org.testng.remote.RemoteTestNG.main(RemoteTestNG.java:76)
</pre></div></td>
<td>0</td>
<td>com.orwrites.util.AddNewEmpDataDrivenTest@271053e1</td></tr>
<tr>
<td title='com.orwrites.testcases.TC004_Put_Employee_Record.checkContentType()'><b>checkContentType</b><br>Test class: com.orwrites.testcases.TC004_Put_Employee_Record</td>
<td><div><pre>java.lang.AssertionError: expected [text/html; charset=UTF-8] but found [application/json]
	at org.testng.Assert.fail(Assert.java:96)
	at org.testng.Assert.failNotEquals(Assert.java:776)
	at org.testng.Assert.assertEqualsImpl(Assert.java:137)
	at org.testng.Assert.assertEquals(Assert.java:118)
	at org.testng.Assert.assertEquals(Assert.java:453)
	at org.testng.Assert.assertEquals(Assert.java:463)
	at com.orwrites.testcases.TC004_Put_Employee_Record.checkContentType(TC004_Put_Employee_Record.java:77)
	at sun.reflect.NativeMethodAccessorImpl.invoke0(Native Method)
	at sun.reflect.NativeMethodAccessorImpl.invoke(NativeMethodAccessorImpl.java:62)
	at sun.reflect.DelegatingMethodAccessorImpl.invoke(DelegatingMethodAccessorImpl.java:43)
	at java.lang.reflect.Method.invoke(Method.java:498)
	at org.testng.internal.MethodInvocationHelper.invokeMethod(MethodInvocationHelper.java:124)
	at org.testng.internal.Invoker.invokeMethod(Invoker.java:583)
	at org.testng.internal.Invoker.invokeTestMethod(Invoker.java:719)
	at org.testng.internal.Invoker.invokeTestMethods(Invoker.java:989)
	at org.testng.internal.TestMethodWorker.invokeTestMethods(TestMethodWorker.java:125)
	at org.testng.internal.TestMethodWorker.run(TestMethodWorker.java:109)
	at org.testng.TestRunner.privateRun(TestRunner.java:648)
	at org.testng.TestRunner.run(TestRunner.java:505)
	at org.testng.SuiteRunner.runTest(SuiteRunner.java:455)
	at org.testng.SuiteRunner.runSequentially(SuiteRunner.java:450)
	at org.testng.SuiteRunner.privateRun(SuiteRunner.java:415)
	at org.testng.SuiteRunner.run(SuiteRunner.java:364)
	at org.testng.SuiteRunnerWorker.runSuite(SuiteRunnerWorker.java:52)
	at org.testng.SuiteRunnerWorker.run(SuiteRunnerWorker.java:84)
	at org.testng.TestNG.runSuitesSequentially(TestNG.java:1208)
	at org.testng.TestNG.runSuitesLocally(TestNG.java:1137)
	at org.testng.TestNG.runSuites(TestNG.java:1049)
	at org.testng.TestNG.run(TestNG.java:1017)
	at org.testng.remote.AbstractRemoteTestNG.run(AbstractRemoteTestNG.java:132)
	at org.testng.remote.RemoteTestNG.initAndRun(RemoteTestNG.java:230)
	at org.testng.remote.RemoteTestNG.main(RemoteTestNG.java:76)
</pre></div><a href='#' onClick='toggleBox("stack-trace2004655561", this, "Click to show all stack frames", "Click to hide stack frames")'>Click to show all stack frames</a>
<div class='stack-trace' id='stack-trace2004655561'><pre>java.lang.AssertionError: expected [text/html; charset=UTF-8] but found [application/json]
	at org.testng.Assert.fail(Assert.java:96)
	at org.testng.Assert.failNotEquals(Assert.java:776)
	at org.testng.Assert.assertEqualsImpl(Assert.java:137)
	at org.testng.Assert.assertEquals(Assert.java:118)
	at org.testng.Assert.assertEquals(Assert.java:453)
	at org.testng.Assert.assertEquals(Assert.java:463)
	at com.orwrites.testcases.TC004_Put_Employee_Record.checkContentType(TC004_Put_Employee_Record.java:77)
	at sun.reflect.NativeMethodAccessorImpl.invoke0(Native Method)
	at sun.reflect.NativeMethodAccessorImpl.invoke(NativeMethodAccessorImpl.java:62)
	at sun.reflect.DelegatingMethodAccessorImpl.invoke(DelegatingMethodAccessorImpl.java:43)
	at java.lang.reflect.Method.invoke(Method.java:498)
	at org.testng.internal.MethodInvocationHelper.invokeMethod(MethodInvocationHelper.java:124)
	at org.testng.internal.Invoker.invokeMethod(Invoker.java:583)
	at org.testng.internal.Invoker.invokeTestMethod(Invoker.java:719)
	at org.testng.internal.Invoker.invokeTestMethods(Invoker.java:989)
	at org.testng.internal.TestMethodWorker.invokeTestMethods(TestMethodWorker.java:125)
	at org.testng.internal.TestMethodWorker.run(TestMethodWorker.java:109)
	at org.testng.TestRunner.privateRun(TestRunner.java:648)
	at org.testng.TestRunner.run(TestRunner.java:505)
	at org.testng.SuiteRunner.runTest(SuiteRunner.java:455)
	at org.testng.SuiteRunner.runSequentially(SuiteRunner.java:450)
	at org.testng.SuiteRunner.privateRun(SuiteRunner.java:415)
	at org.testng.SuiteRunner.run(SuiteRunner.java:364)
	at org.testng.SuiteRunnerWorker.runSuite(SuiteRunnerWorker.java:52)
	at org.testng.SuiteRunnerWorker.run(SuiteRunnerWorker.java:84)
	at org.testng.TestNG.runSuitesSequentially(TestNG.java:1208)
	at org.testng.TestNG.runSuitesLocally(TestNG.java:1137)
	at org.testng.TestNG.runSuites(TestNG.java:1049)
	at org.testng.TestNG.run(TestNG.java:1017)
	at org.testng.remote.AbstractRemoteTestNG.run(AbstractRemoteTestNG.java:132)
	at org.testng.remote.RemoteTestNG.initAndRun(RemoteTestNG.java:230)
	at org.testng.remote.RemoteTestNG.main(RemoteTestNG.java:76)
</pre></div></td>
<td>0</td>
<td>com.orwrites.testcases.TC004_Put_Employee_Record@7085bdee</td></tr>
<tr>
<td title='com.orwrites.testcases.TC004_Put_Employee_Record.checkserverType()'><b>checkserverType</b><br>Test class: com.orwrites.testcases.TC004_Put_Employee_Record</td>
<td><div><pre>java.lang.AssertionError: expected [nginx/1.14.1] but found [cloudflare]
	at org.testng.Assert.fail(Assert.java:96)
	at org.testng.Assert.failNotEquals(Assert.java:776)
	at org.testng.Assert.assertEqualsImpl(Assert.java:137)
	at org.testng.Assert.assertEquals(Assert.java:118)
	at org.testng.Assert.assertEquals(Assert.java:453)
	at org.testng.Assert.assertEquals(Assert.java:463)
	at com.orwrites.testcases.TC004_Put_Employee_Record.checkserverType(TC004_Put_Employee_Record.java:83)
	at sun.reflect.NativeMethodAccessorImpl.invoke0(Native Method)
	at sun.reflect.NativeMethodAccessorImpl.invoke(NativeMethodAccessorImpl.java:62)
	at sun.reflect.DelegatingMethodAccessorImpl.invoke(DelegatingMethodAccessorImpl.java:43)
	at java.lang.reflect.Method.invoke(Method.java:498)
	at org.testng.internal.MethodInvocationHelper.invokeMethod(MethodInvocationHelper.java:124)
	at org.testng.internal.Invoker.invokeMethod(Invoker.java:583)
	at org.testng.internal.Invoker.invokeTestMethod(Invoker.java:719)
	at org.testng.internal.Invoker.invokeTestMethods(Invoker.java:989)
	at org.testng.internal.TestMethodWorker.invokeTestMethods(TestMethodWorker.java:125)
	at org.testng.internal.TestMethodWorker.run(TestMethodWorker.java:109)
	at org.testng.TestRunner.privateRun(TestRunner.java:648)
	at org.testng.TestRunner.run(TestRunner.java:505)
	at org.testng.SuiteRunner.runTest(SuiteRunner.java:455)
	at org.testng.SuiteRunner.runSequentially(SuiteRunner.java:450)
	at org.testng.SuiteRunner.privateRun(SuiteRunner.java:415)
	at org.testng.SuiteRunner.run(SuiteRunner.java:364)
	at org.testng.SuiteRunnerWorker.runSuite(SuiteRunnerWorker.java:52)
	at org.testng.SuiteRunnerWorker.run(SuiteRunnerWorker.java:84)
	at org.testng.TestNG.runSuitesSequentially(TestNG.java:1208)
	at org.testng.TestNG.runSuitesLocally(TestNG.java:1137)
	at org.testng.TestNG.runSuites(TestNG.java:1049)
	at org.testng.TestNG.run(TestNG.java:1017)
	at org.testng.remote.AbstractRemoteTestNG.run(AbstractRemoteTestNG.java:132)
	at org.testng.remote.RemoteTestNG.initAndRun(RemoteTestNG.java:230)
	at org.testng.remote.RemoteTestNG.main(RemoteTestNG.java:76)
</pre></div><a href='#' onClick='toggleBox("stack-trace1486553742", this, "Click to show all stack frames", "Click to hide stack frames")'>Click to show all stack frames</a>
<div class='stack-trace' id='stack-trace1486553742'><pre>java.lang.AssertionError: expected [nginx/1.14.1] but found [cloudflare]
	at org.testng.Assert.fail(Assert.java:96)
	at org.testng.Assert.failNotEquals(Assert.java:776)
	at org.testng.Assert.assertEqualsImpl(Assert.java:137)
	at org.testng.Assert.assertEquals(Assert.java:118)
	at org.testng.Assert.assertEquals(Assert.java:453)
	at org.testng.Assert.assertEquals(Assert.java:463)
	at com.orwrites.testcases.TC004_Put_Employee_Record.checkserverType(TC004_Put_Employee_Record.java:83)
	at sun.reflect.NativeMethodAccessorImpl.invoke0(Native Method)
	at sun.reflect.NativeMethodAccessorImpl.invoke(NativeMethodAccessorImpl.java:62)
	at sun.reflect.DelegatingMethodAccessorImpl.invoke(DelegatingMethodAccessorImpl.java:43)
	at java.lang.reflect.Method.invoke(Method.java:498)
	at org.testng.internal.MethodInvocationHelper.invokeMethod(MethodInvocationHelper.java:124)
	at org.testng.internal.Invoker.invokeMethod(Invoker.java:583)
	at org.testng.internal.Invoker.invokeTestMethod(Invoker.java:719)
	at org.testng.internal.Invoker.invokeTestMethods(Invoker.java:989)
	at org.testng.internal.TestMethodWorker.invokeTestMethods(TestMethodWorker.java:125)
	at org.testng.internal.TestMethodWorker.run(TestMethodWorker.java:109)
	at org.testng.TestRunner.privateRun(TestRunner.java:648)
	at org.testng.TestRunner.run(TestRunner.java:505)
	at org.testng.SuiteRunner.runTest(SuiteRunner.java:455)
	at org.testng.SuiteRunner.runSequentially(SuiteRunner.java:450)
	at org.testng.SuiteRunner.privateRun(SuiteRunner.java:415)
	at org.testng.SuiteRunner.run(SuiteRunner.java:364)
	at org.testng.SuiteRunnerWorker.runSuite(SuiteRunnerWorker.java:52)
	at org.testng.SuiteRunnerWorker.run(SuiteRunnerWorker.java:84)
	at org.testng.TestNG.runSuitesSequentially(TestNG.java:1208)
	at org.testng.TestNG.runSuitesLocally(TestNG.java:1137)
	at org.testng.TestNG.runSuites(TestNG.java:1049)
	at org.testng.TestNG.run(TestNG.java:1017)
	at org.testng.remote.AbstractRemoteTestNG.run(AbstractRemoteTestNG.java:132)
	at org.testng.remote.RemoteTestNG.initAndRun(RemoteTestNG.java:230)
	at org.testng.remote.RemoteTestNG.main(RemoteTestNG.java:76)
</pre></div></td>
<td>0</td>
<td>com.orwrites.testcases.TC004_Put_Employee_Record@7085bdee</td></tr>
</table><p>
<table width='100%' border='1' class='invocation-passed'>
<tr><td colspan='4' align='center'><b>PASSED TESTS</b></td></tr>
<tr><td><b>Test method</b></td>
<td width="30%"><b>Exception</b></td>
<td width="10%"><b>Time (seconds)</b></td>
<td><b>Instance</b></td>
</tr>
<tr>
<td title='com.orwrites.testcases.TC002_POST_Request.RegistrationSuccessful()'><b>RegistrationSuccessful</b><br>Test class: com.orwrites.testcases.TC002_POST_Request</td>
<td></td>
<td>0</td>
<td>com.orwrites.testcases.TC002_POST_Request@42dafa95</td></tr>
<tr>
<td title='com.orwrites.testcases.Temp_Post_Req.RegistrationSuccessful()'><b>RegistrationSuccessful</b><br>Test class: com.orwrites.testcases.Temp_Post_Req</td>
<td></td>
<td>0</td>
<td>com.orwrites.testcases.Temp_Post_Req@4f7d0008</td></tr>
<tr>
<td title='com.orwrites.util.AddNewEmpDataDrivenTest.addEmp()'><b>addEmp</b><br>Test class: com.orwrites.util.AddNewEmpDataDrivenTest<br>Parameters: mngr335429, 1000, 25</td>
<td></td>
<td>0</td>
<td>com.orwrites.util.AddNewEmpDataDrivenTest@271053e1</td></tr>
<tr>
<td title='com.orwrites.util.AddNewEmpDataDrivenTest.addEmp()'><b>addEmp</b><br>Test class: com.orwrites.util.AddNewEmpDataDrivenTest<br>Parameters: mngr335430, 2000, 30</td>
<td></td>
<td>0</td>
<td>com.orwrites.util.AddNewEmpDataDrivenTest@271053e1</td></tr>
<tr>
<td title='com.orwrites.util.AddNewEmpDataDrivenTest.addEmp()'><b>addEmp</b><br>Test class: com.orwrites.util.AddNewEmpDataDrivenTest<br>Parameters: mngr335431, 3000, 35</td>
<td></td>
<td>0</td>
<td>com.orwrites.util.AddNewEmpDataDrivenTest@271053e1</td></tr>
<tr>
<td title='com.orwrites.util.AddNewEmpDataDrivenTest.addEmp()'><b>addEmp</b><br>Test class: com.orwrites.util.AddNewEmpDataDrivenTest<br>Parameters: mngr335429, 4000, 40</td>
<td></td>
<td>0</td>
<td>com.orwrites.util.AddNewEmpDataDrivenTest@271053e1</td></tr>
<tr>
<td title='com.orwrites.testcases.TC006_Get_Request_Autherization.auth()'><b>auth</b><br>Test class: com.orwrites.testcases.TC006_Get_Request_Autherization</td>
<td></td>
<td>0</td>
<td>com.orwrites.testcases.TC006_Get_Request_Autherization@4cf777e8</td></tr>
<tr>
<td title='com.emp.testcases.TC001_GetAllEmpInfo.checkContentEncoding()'><b>checkContentEncoding</b><br>Test class: com.emp.testcases.TC001_GetAllEmpInfo</td>
<td></td>
<td>0</td>
<td>com.emp.testcases.TC001_GetAllEmpInfo@3fee9989</td></tr>
<tr>
<td title='com.emp.testcases.TC001_GetAllEmpInfo.checkContentLength()'><b>checkContentLength</b><br>Test class: com.emp.testcases.TC001_GetAllEmpInfo</td>
<td></td>
<td>0</td>
<td>com.emp.testcases.TC001_GetAllEmpInfo@3fee9989</td></tr>
<tr>
<td title='com.emp.testcases.TC005_DeleteEmpInfo.checkContentType()'><b>checkContentType</b><br>Test class: com.emp.testcases.TC005_DeleteEmpInfo</td>
<td></td>
<td>0</td>
<td>com.emp.testcases.TC005_DeleteEmpInfo@5f341870</td></tr>
<tr>
<td title='com.orwrites.testcases.TC003_Post_Employee_Record.checkContentType()'><b>checkContentType</b><br>Test class: com.orwrites.testcases.TC003_Post_Employee_Record</td>
<td></td>
<td>0</td>
<td>com.orwrites.testcases.TC003_Post_Employee_Record@553f17c</td></tr>
<tr>
<td title='com.emp.testcases.TC004_PutEmpInfo.checkContentType()'><b>checkContentType</b><br>Test class: com.emp.testcases.TC004_PutEmpInfo</td>
<td></td>
<td>0</td>
<td>com.emp.testcases.TC004_PutEmpInfo@59ec2012</td></tr>
<tr>
<td title='com.emp.testcases.TC003_PostEmpInfo.checkContentType()'><b>checkContentType</b><br>Test class: com.emp.testcases.TC003_PostEmpInfo</td>
<td></td>
<td>0</td>
<td>com.emp.testcases.TC003_PostEmpInfo@6500df86</td></tr>
<tr>
<td title='com.emp.testcases.TC002_GetEmpInfo.checkContentType()'><b>checkContentType</b><br>Test class: com.emp.testcases.TC002_GetEmpInfo</td>
<td></td>
<td>0</td>
<td>com.emp.testcases.TC002_GetEmpInfo@589838eb</td></tr>
<tr>
<td title='com.emp.testcases.TC001_GetAllEmpInfo.checkContentType()'><b>checkContentType</b><br>Test class: com.emp.testcases.TC001_GetAllEmpInfo</td>
<td></td>
<td>0</td>
<td>com.emp.testcases.TC001_GetAllEmpInfo@3fee9989</td></tr>
<tr>
<td title='com.emp.testcases.TC001_GetAllEmpInfo.checkCookies()'><b>checkCookies</b><br>Test class: com.emp.testcases.TC001_GetAllEmpInfo</td>
<td></td>
<td>0</td>
<td>com.emp.testcases.TC001_GetAllEmpInfo@3fee9989</td></tr>
<tr>
<td title='com.emp.testcases.TC002_GetEmpInfo.checkResponseBody()'><b>checkResponseBody</b><br>Test class: com.emp.testcases.TC002_GetEmpInfo</td>
<td></td>
<td>0</td>
<td>com.emp.testcases.TC002_GetEmpInfo@589838eb</td></tr>
<tr>
<td title='com.emp.testcases.TC001_GetAllEmpInfo.checkResponseBody()'><b>checkResponseBody</b><br>Test class: com.emp.testcases.TC001_GetAllEmpInfo</td>
<td></td>
<td>0</td>
<td>com.emp.testcases.TC001_GetAllEmpInfo@3fee9989</td></tr>
<tr>
<td title='com.emp.testcases.TC002_GetEmpInfo.checkResponseTime()'><b>checkResponseTime</b><br>Test class: com.emp.testcases.TC002_GetEmpInfo</td>
<td></td>
<td>0</td>
<td>com.emp.testcases.TC002_GetEmpInfo@589838eb</td></tr>
<tr>
<td title='com.emp.testcases.TC001_GetAllEmpInfo.checkResponseTime()'><b>checkResponseTime</b><br>Test class: com.emp.testcases.TC001_GetAllEmpInfo</td>
<td></td>
<td>0</td>
<td>com.emp.testcases.TC001_GetAllEmpInfo@3fee9989</td></tr>
<tr>
<td title='com.emp.testcases.TC005_DeleteEmpInfo.checkResposeBody()'><b>checkResposeBody</b><br>Test class: com.emp.testcases.TC005_DeleteEmpInfo</td>
<td></td>
<td>0</td>
<td>com.emp.testcases.TC005_DeleteEmpInfo@5f341870</td></tr>
<tr>
<td title='com.orwrites.testcases.TC003_Post_Employee_Record.checkResposeBody()'><b>checkResposeBody</b><br>Test class: com.orwrites.testcases.TC003_Post_Employee_Record</td>
<td></td>
<td>0</td>
<td>com.orwrites.testcases.TC003_Post_Employee_Record@553f17c</td></tr>
<tr>
<td title='com.emp.testcases.TC004_PutEmpInfo.checkResposeBody()'><b>checkResposeBody</b><br>Test class: com.emp.testcases.TC004_PutEmpInfo</td>
<td></td>
<td>0</td>
<td>com.emp.testcases.TC004_PutEmpInfo@59ec2012</td></tr>
<tr>
<td title='com.orwrites.testcases.TC004_Put_Employee_Record.checkResposeBody()'><b>checkResposeBody</b><br>Test class: com.orwrites.testcases.TC004_Put_Employee_Record</td>
<td></td>
<td>0</td>
<td>com.orwrites.testcases.TC004_Put_Employee_Record@7085bdee</td></tr>
<tr>
<td title='com.emp.testcases.TC003_PostEmpInfo.checkResposeBody()'><b>checkResposeBody</b><br>Test class: com.emp.testcases.TC003_PostEmpInfo</td>
<td></td>
<td>0</td>
<td>com.emp.testcases.TC003_PostEmpInfo@6500df86</td></tr>
<tr>
<td title='com.emp.testcases.TC002_GetEmpInfo.checkServerType()'><b>checkServerType</b><br>Test class: com.emp.testcases.TC002_GetEmpInfo</td>
<td></td>
<td>0</td>
<td>com.emp.testcases.TC002_GetEmpInfo@589838eb</td></tr>
<tr>
<td title='com.emp.testcases.TC001_GetAllEmpInfo.checkServerType()'><b>checkServerType</b><br>Test class: com.emp.testcases.TC001_GetAllEmpInfo</td>
<td></td>
<td>0</td>
<td>com.emp.testcases.TC001_GetAllEmpInfo@3fee9989</td></tr>
<tr>
<td title='com.emp.testcases.TC005_DeleteEmpInfo.checkStatusCode()'><b>checkStatusCode</b><br>Test class: com.emp.testcases.TC005_DeleteEmpInfo</td>
<td></td>
<td>0</td>
<td>com.emp.testcases.TC005_DeleteEmpInfo@5f341870</td></tr>
<tr>
<td title='com.orwrites.testcases.TC003_Post_Employee_Record.checkStatusCode()'><b>checkStatusCode</b><br>Test class: com.orwrites.testcases.TC003_Post_Employee_Record</td>
<td></td>
<td>0</td>
<td>com.orwrites.testcases.TC003_Post_Employee_Record@553f17c</td></tr>
<tr>
<td title='com.emp.testcases.TC004_PutEmpInfo.checkStatusCode()'><b>checkStatusCode</b><br>Test class: com.emp.testcases.TC004_PutEmpInfo</td>
<td></td>
<td>0</td>
<td>com.emp.testcases.TC004_PutEmpInfo@59ec2012</td></tr>
<tr>
<td title='com.orwrites.testcases.TC004_Put_Employee_Record.checkStatusCode()'><b>checkStatusCode</b><br>Test class: com.orwrites.testcases.TC004_Put_Employee_Record</td>
<td></td>
<td>0</td>
<td>com.orwrites.testcases.TC004_Put_Employee_Record@7085bdee</td></tr>
<tr>
<td title='com.emp.testcases.TC003_PostEmpInfo.checkStatusCode()'><b>checkStatusCode</b><br>Test class: com.emp.testcases.TC003_PostEmpInfo</td>
<td></td>
<td>0</td>
<td>com.emp.testcases.TC003_PostEmpInfo@6500df86</td></tr>
<tr>
<td title='com.emp.testcases.TC002_GetEmpInfo.checkStatusCode()'><b>checkStatusCode</b><br>Test class: com.emp.testcases.TC002_GetEmpInfo</td>
<td></td>
<td>0</td>
<td>com.emp.testcases.TC002_GetEmpInfo@589838eb</td></tr>
<tr>
<td title='com.emp.testcases.TC001_GetAllEmpInfo.checkStatusCode()'><b>checkStatusCode</b><br>Test class: com.emp.testcases.TC001_GetAllEmpInfo</td>
<td></td>
<td>0</td>
<td>com.emp.testcases.TC001_GetAllEmpInfo@3fee9989</td></tr>
<tr>
<td title='com.emp.testcases.TC005_DeleteEmpInfo.checkcontentEncoding()'><b>checkcontentEncoding</b><br>Test class: com.emp.testcases.TC005_DeleteEmpInfo</td>
<td></td>
<td>0</td>
<td>com.emp.testcases.TC005_DeleteEmpInfo@5f341870</td></tr>
<tr>
<td title='com.orwrites.testcases.TC003_Post_Employee_Record.checkcontentEncoding()'><b>checkcontentEncoding</b><br>Test class: com.orwrites.testcases.TC003_Post_Employee_Record</td>
<td></td>
<td>0</td>
<td>com.orwrites.testcases.TC003_Post_Employee_Record@553f17c</td></tr>
<tr>
<td title='com.emp.testcases.TC004_PutEmpInfo.checkcontentEncoding()'><b>checkcontentEncoding</b><br>Test class: com.emp.testcases.TC004_PutEmpInfo</td>
<td></td>
<td>0</td>
<td>com.emp.testcases.TC004_PutEmpInfo@59ec2012</td></tr>
<tr>
<td title='com.orwrites.testcases.TC004_Put_Employee_Record.checkcontentEncoding()'><b>checkcontentEncoding</b><br>Test class: com.orwrites.testcases.TC004_Put_Employee_Record</td>
<td></td>
<td>0</td>
<td>com.orwrites.testcases.TC004_Put_Employee_Record@7085bdee</td></tr>
<tr>
<td title='com.emp.testcases.TC003_PostEmpInfo.checkcontentEncoding()'><b>checkcontentEncoding</b><br>Test class: com.emp.testcases.TC003_PostEmpInfo</td>
<td></td>
<td>0</td>
<td>com.emp.testcases.TC003_PostEmpInfo@6500df86</td></tr>
<tr>
<td title='com.emp.testcases.TC005_DeleteEmpInfo.checkserverType()'><b>checkserverType</b><br>Test class: com.emp.testcases.TC005_DeleteEmpInfo</td>
<td></td>
<td>0</td>
<td>com.emp.testcases.TC005_DeleteEmpInfo@5f341870</td></tr>
<tr>
<td title='com.orwrites.testcases.TC003_Post_Employee_Record.checkserverType()'><b>checkserverType</b><br>Test class: com.orwrites.testcases.TC003_Post_Employee_Record</td>
<td></td>
<td>0</td>
<td>com.orwrites.testcases.TC003_Post_Employee_Record@553f17c</td></tr>
<tr>
<td title='com.emp.testcases.TC004_PutEmpInfo.checkserverType()'><b>checkserverType</b><br>Test class: com.emp.testcases.TC004_PutEmpInfo</td>
<td></td>
<td>0</td>
<td>com.emp.testcases.TC004_PutEmpInfo@59ec2012</td></tr>
<tr>
<td title='com.emp.testcases.TC003_PostEmpInfo.checkserverType()'><b>checkserverType</b><br>Test class: com.emp.testcases.TC003_PostEmpInfo</td>
<td></td>
<td>0</td>
<td>com.emp.testcases.TC003_PostEmpInfo@6500df86</td></tr>
<tr>
<td title='com.emp.testcases.TC005_DeleteEmpInfo.checkstatusLine()'><b>checkstatusLine</b><br>Test class: com.emp.testcases.TC005_DeleteEmpInfo</td>
<td></td>
<td>0</td>
<td>com.emp.testcases.TC005_DeleteEmpInfo@5f341870</td></tr>
<tr>
<td title='com.orwrites.testcases.TC003_Post_Employee_Record.checkstatusLine()'><b>checkstatusLine</b><br>Test class: com.orwrites.testcases.TC003_Post_Employee_Record</td>
<td></td>
<td>0</td>
<td>com.orwrites.testcases.TC003_Post_Employee_Record@553f17c</td></tr>
<tr>
<td title='com.emp.testcases.TC004_PutEmpInfo.checkstatusLine()'><b>checkstatusLine</b><br>Test class: com.emp.testcases.TC004_PutEmpInfo</td>
<td></td>
<td>0</td>
<td>com.emp.testcases.TC004_PutEmpInfo@59ec2012</td></tr>
<tr>
<td title='com.orwrites.testcases.TC004_Put_Employee_Record.checkstatusLine()'><b>checkstatusLine</b><br>Test class: com.orwrites.testcases.TC004_Put_Employee_Record</td>
<td></td>
<td>0</td>
<td>com.orwrites.testcases.TC004_Put_Employee_Record@7085bdee</td></tr>
<tr>
<td title='com.emp.testcases.TC003_PostEmpInfo.checkstatusLine()'><b>checkstatusLine</b><br>Test class: com.emp.testcases.TC003_PostEmpInfo</td>
<td></td>
<td>0</td>
<td>com.emp.testcases.TC003_PostEmpInfo@6500df86</td></tr>
<tr>
<td title='com.orwrites.testcases.TC001_Get_Request.getPersonDetails()'><b>getPersonDetails</b><br>Test class: com.orwrites.testcases.TC001_Get_Request</td>
<td></td>
<td>0</td>
<td>com.orwrites.testcases.TC001_Get_Request@402a079c</td></tr>
<tr>
<td title='com.orwrites.testcases.TC003_Get_Request_GoogleMapAllGeaders.googleMapTest()'><b>googleMapTest</b><br>Test class: com.orwrites.testcases.TC003_Get_Request_GoogleMapAllGeaders</td>
<td></td>
<td>0</td>
<td>com.orwrites.testcases.TC003_Get_Request_GoogleMapAllGeaders@2f686d1f</td></tr>
<tr>
<td title='com.emp.testcases.TC002_GetEmpInfo.statusLine()'><b>statusLine</b><br>Test class: com.emp.testcases.TC002_GetEmpInfo</td>
<td></td>
<td>0</td>
<td>com.emp.testcases.TC002_GetEmpInfo@589838eb</td></tr>
<tr>
<td title='com.emp.testcases.TC001_GetAllEmpInfo.statusLine()'><b>statusLine</b><br>Test class: com.emp.testcases.TC001_GetAllEmpInfo</td>
<td></td>
<td>0</td>
<td>com.emp.testcases.TC001_GetAllEmpInfo@3fee9989</td></tr>
<tr>
<td title='com.orwrites.testcases.TC005_Put_Request.test2()'><b>test2</b><br>Test class: com.orwrites.testcases.TC005_Put_Request</td>
<td></td>
<td>0</td>
<td>com.orwrites.testcases.TC005_Put_Request@73ad2d6</td></tr>
</table><p>
</body>
</html>