<?xml version="1.0" encoding="UTF-8"?>
<testng-results skipped="0" failed="3" ignored="0" total="56" passed="53">
  <reporter-output>
  </reporter-output>
  <suite name="Default suite" duration-ms="32592" started-at="2021-06-27T12:33:46Z" finished-at="2021-06-27T12:34:19Z">
    <groups>
    </groups>
    <test name="Default test" duration-ms="32592" started-at="2021-06-27T12:33:46Z" finished-at="2021-06-27T12:34:19Z">
      <class name="com.orwrites.testcases.TC001_Get_Request">
        <test-method status="PASS" signature="getPersonDetails()[pri:0, instance:com.orwrites.testcases.TC001_Get_Request@402a079c]" name="getPersonDetails" duration-ms="141" started-at="2021-06-27T12:33:58Z" finished-at="2021-06-27T12:33:58Z">
          <reporter-output>
          </reporter-output>
        </test-method> <!-- getPersonDetails -->
      </class> <!-- com.orwrites.testcases.TC001_Get_Request -->
      <class name="com.orwrites.testcases.TC003_Get_Request_GoogleMapAllGeaders">
        <test-method status="PASS" signature="googleMapTest()[pri:0, instance:com.orwrites.testcases.TC003_Get_Request_GoogleMapAllGeaders@2f686d1f]" name="googleMapTest" duration-ms="189" started-at="2021-06-27T12:34:14Z" finished-at="2021-06-27T12:34:14Z">
          <reporter-output>
          </reporter-output>
        </test-method> <!-- googleMapTest -->
      </class> <!-- com.orwrites.testcases.TC003_Get_Request_GoogleMapAllGeaders -->
      <class name="com.orwrites.testcases.Temp_Post_Req">
        <test-method status="PASS" signature="RegistrationSuccessful()[pri:0, instance:com.orwrites.testcases.Temp_Post_Req@4f7d0008]" name="RegistrationSuccessful" duration-ms="387" started-at="2021-06-27T12:34:04Z" finished-at="2021-06-27T12:34:05Z">
          <reporter-output>
          </reporter-output>
        </test-method> <!-- RegistrationSuccessful -->
      </class> <!-- com.orwrites.testcases.Temp_Post_Req -->
      <class name="com.emp.testcases.TC004_PutEmpInfo">
        <test-method status="PASS" signature="setup()[pri:0, instance:com.emp.testcases.TC004_PutEmpInfo@59ec2012]" name="setup" is-config="true" duration-ms="1" started-at="2021-06-27T12:33:58Z" finished-at="2021-06-27T12:33:58Z">
          <reporter-output>
          </reporter-output>
        </test-method> <!-- setup -->
        <test-method status="PASS" signature="PutEmployee()[pri:0, instance:com.emp.testcases.TC004_PutEmpInfo@59ec2012]" name="PutEmployee" is-config="true" duration-ms="568" started-at="2021-06-27T12:33:58Z" finished-at="2021-06-27T12:33:59Z">
          <reporter-output>
          </reporter-output>
        </test-method> <!-- PutEmployee -->
        <test-method status="PASS" signature="checkContentType()[pri:0, instance:com.emp.testcases.TC004_PutEmpInfo@59ec2012]" name="checkContentType" duration-ms="1" started-at="2021-06-27T12:33:59Z" finished-at="2021-06-27T12:33:59Z">
          <reporter-output>
          </reporter-output>
        </test-method> <!-- checkContentType -->
        <test-method status="PASS" signature="checkResposeBody()[pri:0, instance:com.emp.testcases.TC004_PutEmpInfo@59ec2012]" name="checkResposeBody" duration-ms="1" started-at="2021-06-27T12:33:59Z" finished-at="2021-06-27T12:33:59Z">
          <reporter-output>
          </reporter-output>
        </test-method> <!-- checkResposeBody -->
        <test-method status="PASS" signature="checkStatusCode()[pri:0, instance:com.emp.testcases.TC004_PutEmpInfo@59ec2012]" name="checkStatusCode" duration-ms="0" started-at="2021-06-27T12:33:59Z" finished-at="2021-06-27T12:33:59Z">
          <reporter-output>
          </reporter-output>
        </test-method> <!-- checkStatusCode -->
        <test-method status="PASS" signature="checkcontentEncoding()[pri:0, instance:com.emp.testcases.TC004_PutEmpInfo@59ec2012]" name="checkcontentEncoding" duration-ms="0" started-at="2021-06-27T12:33:59Z" finished-at="2021-06-27T12:33:59Z">
          <reporter-output>
          </reporter-output>
        </test-method> <!-- checkcontentEncoding -->
        <test-method status="PASS" signature="checkserverType()[pri:0, instance:com.emp.testcases.TC004_PutEmpInfo@59ec2012]" name="checkserverType" duration-ms="1" started-at="2021-06-27T12:33:59Z" finished-at="2021-06-27T12:33:59Z">
          <reporter-output>
          </reporter-output>
        </test-method> <!-- checkserverType -->
        <test-method status="PASS" signature="checkstatusLine()[pri:0, instance:com.emp.testcases.TC004_PutEmpInfo@59ec2012]" name="checkstatusLine" duration-ms="0" started-at="2021-06-27T12:33:59Z" finished-at="2021-06-27T12:33:59Z">
          <reporter-output>
          </reporter-output>
        </test-method> <!-- checkstatusLine -->
        <test-method status="PASS" signature="tearDown()[pri:0, instance:com.emp.testcases.TC004_PutEmpInfo@59ec2012]" name="tearDown" is-config="true" duration-ms="0" started-at="2021-06-27T12:33:59Z" finished-at="2021-06-27T12:33:59Z">
          <reporter-output>
          </reporter-output>
        </test-method> <!-- tearDown -->
      </class> <!-- com.emp.testcases.TC004_PutEmpInfo -->
      <class name="com.emp.testcases.TC003_PostEmpInfo">
        <test-method status="PASS" signature="setup()[pri:0, instance:com.emp.testcases.TC003_PostEmpInfo@6500df86]" name="setup" is-config="true" duration-ms="3" started-at="2021-06-27T12:34:05Z" finished-at="2021-06-27T12:34:05Z">
          <reporter-output>
          </reporter-output>
        </test-method> <!-- setup -->
        <test-method status="PASS" signature="createEmployee()[pri:0, instance:com.emp.testcases.TC003_PostEmpInfo@6500df86]" name="createEmployee" is-config="true" duration-ms="5605" started-at="2021-06-27T12:34:05Z" finished-at="2021-06-27T12:34:10Z">
          <reporter-output>
          </reporter-output>
        </test-method> <!-- createEmployee -->
        <test-method status="PASS" signature="checkContentType()[pri:0, instance:com.emp.testcases.TC003_PostEmpInfo@6500df86]" name="checkContentType" duration-ms="1" started-at="2021-06-27T12:34:10Z" finished-at="2021-06-27T12:34:10Z">
          <reporter-output>
          </reporter-output>
        </test-method> <!-- checkContentType -->
        <test-method status="PASS" signature="checkResposeBody()[pri:0, instance:com.emp.testcases.TC003_PostEmpInfo@6500df86]" name="checkResposeBody" duration-ms="2" started-at="2021-06-27T12:34:10Z" finished-at="2021-06-27T12:34:10Z">
          <reporter-output>
          </reporter-output>
        </test-method> <!-- checkResposeBody -->
        <test-method status="PASS" signature="checkStatusCode()[pri:0, instance:com.emp.testcases.TC003_PostEmpInfo@6500df86]" name="checkStatusCode" duration-ms="1" started-at="2021-06-27T12:34:10Z" finished-at="2021-06-27T12:34:10Z">
          <reporter-output>
          </reporter-output>
        </test-method> <!-- checkStatusCode -->
        <test-method status="PASS" signature="checkcontentEncoding()[pri:0, instance:com.emp.testcases.TC003_PostEmpInfo@6500df86]" name="checkcontentEncoding" duration-ms="0" started-at="2021-06-27T12:34:10Z" finished-at="2021-06-27T12:34:10Z">
          <reporter-output>
          </reporter-output>
        </test-method> <!-- checkcontentEncoding -->
        <test-method status="PASS" signature="checkserverType()[pri:0, instance:com.emp.testcases.TC003_PostEmpInfo@6500df86]" name="checkserverType" duration-ms="0" started-at="2021-06-27T12:34:10Z" finished-at="2021-06-27T12:34:10Z">
          <reporter-output>
          </reporter-output>
        </test-method> <!-- checkserverType -->
        <test-method status="PASS" signature="checkstatusLine()[pri:0, instance:com.emp.testcases.TC003_PostEmpInfo@6500df86]" name="checkstatusLine" duration-ms="1" started-at="2021-06-27T12:34:10Z" finished-at="2021-06-27T12:34:10Z">
          <reporter-output>
          </reporter-output>
        </test-method> <!-- checkstatusLine -->
        <test-method status="PASS" signature="tearDown()[pri:0, instance:com.emp.testcases.TC003_PostEmpInfo@6500df86]" name="tearDown" is-config="true" duration-ms="1" started-at="2021-06-27T12:34:10Z" finished-at="2021-06-27T12:34:10Z">
          <reporter-output>
          </reporter-output>
        </test-method> <!-- tearDown -->
      </class> <!-- com.emp.testcases.TC003_PostEmpInfo -->
      <class name="com.orwrites.util.AddNewEmpDataDrivenTest">
        <test-method status="PASS" signature="addEmp(java.lang.String, java.lang.String, java.lang.String)[pri:0, instance:com.orwrites.util.AddNewEmpDataDrivenTest@271053e1]" name="addEmp" duration-ms="571" started-at="2021-06-27T12:34:11Z" data-provider="empdataprovider" finished-at="2021-06-27T12:34:12Z">
          <params>
            <param index="0">
              <value>
                <![CDATA[mngr335429]]>
              </value>
            </param>
            <param index="1">
              <value>
                <![CDATA[1000]]>
              </value>
            </param>
            <param index="2">
              <value>
                <![CDATA[25]]>
              </value>
            </param>
          </params>
          <reporter-output>
          </reporter-output>
        </test-method> <!-- addEmp -->
        <test-method status="PASS" signature="addEmp(java.lang.String, java.lang.String, java.lang.String)[pri:0, instance:com.orwrites.util.AddNewEmpDataDrivenTest@271053e1]" name="addEmp" duration-ms="576" started-at="2021-06-27T12:34:12Z" data-provider="empdataprovider" finished-at="2021-06-27T12:34:12Z">
          <params>
            <param index="0">
              <value>
                <![CDATA[mngr335430]]>
              </value>
            </param>
            <param index="1">
              <value>
                <![CDATA[2000]]>
              </value>
            </param>
            <param index="2">
              <value>
                <![CDATA[30]]>
              </value>
            </param>
          </params>
          <reporter-output>
          </reporter-output>
        </test-method> <!-- addEmp -->
        <test-method status="PASS" signature="addEmp(java.lang.String, java.lang.String, java.lang.String)[pri:0, instance:com.orwrites.util.AddNewEmpDataDrivenTest@271053e1]" name="addEmp" duration-ms="545" started-at="2021-06-27T12:34:12Z" data-provider="empdataprovider" finished-at="2021-06-27T12:34:13Z">
          <params>
            <param index="0">
              <value>
                <![CDATA[mngr335431]]>
              </value>
            </param>
            <param index="1">
              <value>
                <![CDATA[3000]]>
              </value>
            </param>
            <param index="2">
              <value>
                <![CDATA[35]]>
              </value>
            </param>
          </params>
          <reporter-output>
          </reporter-output>
        </test-method> <!-- addEmp -->
        <test-method status="PASS" signature="addEmp(java.lang.String, java.lang.String, java.lang.String)[pri:0, instance:com.orwrites.util.AddNewEmpDataDrivenTest@271053e1]" name="addEmp" duration-ms="558" started-at="2021-06-27T12:34:13Z" data-provider="empdataprovider" finished-at="2021-06-27T12:34:13Z">
          <params>
            <param index="0">
              <value>
                <![CDATA[mngr335429]]>
              </value>
            </param>
            <param index="1">
              <value>
                <![CDATA[4000]]>
              </value>
            </param>
            <param index="2">
              <value>
                <![CDATA[40]]>
              </value>
            </param>
          </params>
          <reporter-output>
          </reporter-output>
        </test-method> <!-- addEmp -->
        <test-method status="FAIL" signature="addEmp(java.lang.String, java.lang.String, java.lang.String)[pri:0, instance:com.orwrites.util.AddNewEmpDataDrivenTest@271053e1]" name="addEmp" duration-ms="533" started-at="2021-06-27T12:34:13Z" data-provider="empdataprovider" finished-at="2021-06-27T12:34:14Z">
          <params>
            <param index="0">
              <value>
                <![CDATA[mngr335433]]>
              </value>
            </param>
            <param index="1">
              <value>
                <![CDATA[5000]]>
              </value>
            </param>
            <param index="2">
              <value>
                <![CDATA[45]]>
              </value>
            </param>
          </params>
          <exception class="java.lang.AssertionError">
            <message>
              <![CDATA[expected [true] but found [false]]]>
            </message>
            <full-stacktrace>
              <![CDATA[java.lang.AssertionError: expected [true] but found [false]
at org.testng.Assert.fail(Assert.java:96)
at org.testng.Assert.failNotEquals(Assert.java:776)
at org.testng.Assert.assertEqualsImpl(Assert.java:137)
at org.testng.Assert.assertEquals(Assert.java:118)
at org.testng.Assert.assertEquals(Assert.java:568)
at org.testng.Assert.assertEquals(Assert.java:578)
at com.orwrites.util.AddNewEmpDataDrivenTest.addEmp(AddNewEmpDataDrivenTest.java:45)
at sun.reflect.NativeMethodAccessorImpl.invoke0(Native Method)
at sun.reflect.NativeMethodAccessorImpl.invoke(NativeMethodAccessorImpl.java:62)
at sun.reflect.DelegatingMethodAccessorImpl.invoke(DelegatingMethodAccessorImpl.java:43)
at java.lang.reflect.Method.invoke(Method.java:498)
at org.testng.internal.MethodInvocationHelper.invokeMethod(MethodInvocationHelper.java:124)
at org.testng.internal.Invoker.invokeMethod(Invoker.java:583)
at org.testng.internal.Invoker.invokeTestMethod(Invoker.java:719)
at org.testng.internal.Invoker.invokeTestMethods(Invoker.java:989)
at org.testng.internal.TestMethodWorker.invokeTestMethods(TestMethodWorker.java:125)
at org.testng.internal.TestMethodWorker.run(TestMethodWorker.java:109)
at org.testng.TestRunner.privateRun(TestRunner.java:648)
at org.testng.TestRunner.run(TestRunner.java:505)
at org.testng.SuiteRunner.runTest(SuiteRunner.java:455)
at org.testng.SuiteRunner.runSequentially(SuiteRunner.java:450)
at org.testng.SuiteRunner.privateRun(SuiteRunner.java:415)
at org.testng.SuiteRunner.run(SuiteRunner.java:364)
at org.testng.SuiteRunnerWorker.runSuite(SuiteRunnerWorker.java:52)
at org.testng.SuiteRunnerWorker.run(SuiteRunnerWorker.java:84)
at org.testng.TestNG.runSuitesSequentially(TestNG.java:1208)
at org.testng.TestNG.runSuitesLocally(TestNG.java:1137)
at org.testng.TestNG.runSuites(TestNG.java:1049)
at org.testng.TestNG.run(TestNG.java:1017)
at org.testng.remote.AbstractRemoteTestNG.run(AbstractRemoteTestNG.java:132)
at org.testng.remote.RemoteTestNG.initAndRun(RemoteTestNG.java:230)
at org.testng.remote.RemoteTestNG.main(RemoteTestNG.java:76)
]]>
            </full-stacktrace>
          </exception> <!-- java.lang.AssertionError -->
          <reporter-output>
          </reporter-output>
        </test-method> <!-- addEmp -->
      </class> <!-- com.orwrites.util.AddNewEmpDataDrivenTest -->
      <class name="com.orwrites.testcases.TC005_Put_Request">
        <test-method status="PASS" signature="test2()[pri:0, instance:com.orwrites.testcases.TC005_Put_Request@73ad2d6]" name="test2" duration-ms="429" started-at="2021-06-27T12:34:18Z" finished-at="2021-06-27T12:34:19Z">
          <reporter-output>
          </reporter-output>
        </test-method> <!-- test2 -->
      </class> <!-- com.orwrites.testcases.TC005_Put_Request -->
      <class name="com.emp.testcases.TC005_DeleteEmpInfo">
        <test-method status="PASS" signature="setup()[pri:0, instance:com.emp.testcases.TC005_DeleteEmpInfo@5f341870]" name="setup" is-config="true" duration-ms="66" started-at="2021-06-27T12:33:46Z" finished-at="2021-06-27T12:33:46Z">
          <reporter-output>
          </reporter-output>
        </test-method> <!-- setup -->
        <test-method status="PASS" signature="deleteEmployee()[pri:0, instance:com.emp.testcases.TC005_DeleteEmpInfo@5f341870]" name="deleteEmployee" is-config="true" duration-ms="5987" started-at="2021-06-27T12:33:46Z" finished-at="2021-06-27T12:33:52Z">
          <reporter-output>
          </reporter-output>
        </test-method> <!-- deleteEmployee -->
        <test-method status="PASS" signature="checkContentType()[pri:0, instance:com.emp.testcases.TC005_DeleteEmpInfo@5f341870]" name="checkContentType" duration-ms="12" started-at="2021-06-27T12:33:52Z" finished-at="2021-06-27T12:33:52Z">
          <reporter-output>
          </reporter-output>
        </test-method> <!-- checkContentType -->
        <test-method status="PASS" signature="checkResposeBody()[pri:0, instance:com.emp.testcases.TC005_DeleteEmpInfo@5f341870]" name="checkResposeBody" duration-ms="2" started-at="2021-06-27T12:33:52Z" finished-at="2021-06-27T12:33:52Z">
          <reporter-output>
          </reporter-output>
        </test-method> <!-- checkResposeBody -->
        <test-method status="PASS" signature="checkStatusCode()[pri:0, instance:com.emp.testcases.TC005_DeleteEmpInfo@5f341870]" name="checkStatusCode" duration-ms="2" started-at="2021-06-27T12:33:52Z" finished-at="2021-06-27T12:33:52Z">
          <reporter-output>
          </reporter-output>
        </test-method> <!-- checkStatusCode -->
        <test-method status="PASS" signature="checkcontentEncoding()[pri:0, instance:com.emp.testcases.TC005_DeleteEmpInfo@5f341870]" name="checkcontentEncoding" duration-ms="1" started-at="2021-06-27T12:33:52Z" finished-at="2021-06-27T12:33:52Z">
          <reporter-output>
          </reporter-output>
        </test-method> <!-- checkcontentEncoding -->
        <test-method status="PASS" signature="checkserverType()[pri:0, instance:com.emp.testcases.TC005_DeleteEmpInfo@5f341870]" name="checkserverType" duration-ms="1" started-at="2021-06-27T12:33:52Z" finished-at="2021-06-27T12:33:52Z">
          <reporter-output>
          </reporter-output>
        </test-method> <!-- checkserverType -->
        <test-method status="PASS" signature="checkstatusLine()[pri:0, instance:com.emp.testcases.TC005_DeleteEmpInfo@5f341870]" name="checkstatusLine" duration-ms="1" started-at="2021-06-27T12:33:52Z" finished-at="2021-06-27T12:33:52Z">
          <reporter-output>
          </reporter-output>
        </test-method> <!-- checkstatusLine -->
        <test-method status="PASS" signature="tearDown()[pri:0, instance:com.emp.testcases.TC005_DeleteEmpInfo@5f341870]" name="tearDown" is-config="true" duration-ms="1" started-at="2021-06-27T12:33:52Z" finished-at="2021-06-27T12:33:52Z">
          <reporter-output>
          </reporter-output>
        </test-method> <!-- tearDown -->
      </class> <!-- com.emp.testcases.TC005_DeleteEmpInfo -->
      <class name="com.orwrites.testcases.TC006_Get_Request_Autherization">
        <test-method status="PASS" signature="auth()[pri:0, instance:com.orwrites.testcases.TC006_Get_Request_Autherization@4cf777e8]" name="auth" duration-ms="134" started-at="2021-06-27T12:34:10Z" finished-at="2021-06-27T12:34:10Z">
          <reporter-output>
          </reporter-output>
        </test-method> <!-- auth -->
      </class> <!-- com.orwrites.testcases.TC006_Get_Request_Autherization -->
      <class name="com.orwrites.testcases.TC002_POST_Request">
        <test-method status="PASS" signature="RegistrationSuccessful()[pri:0, instance:com.orwrites.testcases.TC002_POST_Request@42dafa95]" name="RegistrationSuccessful" duration-ms="381" started-at="2021-06-27T12:33:58Z" finished-at="2021-06-27T12:33:58Z">
          <reporter-output>
          </reporter-output>
        </test-method> <!-- RegistrationSuccessful -->
      </class> <!-- com.orwrites.testcases.TC002_POST_Request -->
      <class name="com.emp.testcases.TC002_GetEmpInfo">
        <test-method status="PASS" signature="setup()[pri:0, instance:com.emp.testcases.TC002_GetEmpInfo@589838eb]" name="setup" is-config="true" duration-ms="3" started-at="2021-06-27T12:34:14Z" finished-at="2021-06-27T12:34:14Z">
          <reporter-output>
          </reporter-output>
        </test-method> <!-- setup -->
        <test-method status="PASS" signature="getEmpInfo()[pri:0, instance:com.emp.testcases.TC002_GetEmpInfo@589838eb]" name="getEmpInfo" is-config="true" duration-ms="3116" started-at="2021-06-27T12:34:14Z" finished-at="2021-06-27T12:34:17Z">
          <reporter-output>
          </reporter-output>
        </test-method> <!-- getEmpInfo -->
        <test-method status="PASS" signature="checkContentType()[pri:0, instance:com.emp.testcases.TC002_GetEmpInfo@589838eb]" name="checkContentType" duration-ms="0" started-at="2021-06-27T12:34:17Z" finished-at="2021-06-27T12:34:17Z">
          <reporter-output>
          </reporter-output>
        </test-method> <!-- checkContentType -->
        <test-method status="PASS" signature="checkResponseBody()[pri:0, instance:com.emp.testcases.TC002_GetEmpInfo@589838eb]" name="checkResponseBody" duration-ms="1" started-at="2021-06-27T12:34:17Z" finished-at="2021-06-27T12:34:17Z">
          <reporter-output>
          </reporter-output>
        </test-method> <!-- checkResponseBody -->
        <test-method status="PASS" signature="checkResponseTime()[pri:0, instance:com.emp.testcases.TC002_GetEmpInfo@589838eb]" name="checkResponseTime" duration-ms="1" started-at="2021-06-27T12:34:17Z" finished-at="2021-06-27T12:34:17Z">
          <reporter-output>
          </reporter-output>
        </test-method> <!-- checkResponseTime -->
        <test-method status="PASS" signature="checkServerType()[pri:0, instance:com.emp.testcases.TC002_GetEmpInfo@589838eb]" name="checkServerType" duration-ms="0" started-at="2021-06-27T12:34:17Z" finished-at="2021-06-27T12:34:17Z">
          <reporter-output>
          </reporter-output>
        </test-method> <!-- checkServerType -->
        <test-method status="PASS" signature="checkStatusCode()[pri:0, instance:com.emp.testcases.TC002_GetEmpInfo@589838eb]" name="checkStatusCode" duration-ms="1" started-at="2021-06-27T12:34:17Z" finished-at="2021-06-27T12:34:17Z">
          <reporter-output>
          </reporter-output>
        </test-method> <!-- checkStatusCode -->
        <test-method status="PASS" signature="statusLine()[pri:0, instance:com.emp.testcases.TC002_GetEmpInfo@589838eb]" name="statusLine" duration-ms="0" started-at="2021-06-27T12:34:17Z" finished-at="2021-06-27T12:34:17Z">
          <reporter-output>
          </reporter-output>
        </test-method> <!-- statusLine -->
        <test-method status="PASS" signature="tearDown()[pri:0, instance:com.emp.testcases.TC002_GetEmpInfo@589838eb]" name="tearDown" is-config="true" duration-ms="0" started-at="2021-06-27T12:34:17Z" finished-at="2021-06-27T12:34:17Z">
          <reporter-output>
          </reporter-output>
        </test-method> <!-- tearDown -->
      </class> <!-- com.emp.testcases.TC002_GetEmpInfo -->
      <class name="com.orwrites.testcases.TC004_Put_Employee_Record">
        <test-method status="PASS" signature="setup()[pri:0, instance:com.orwrites.testcases.TC004_Put_Employee_Record@7085bdee]" name="setup" is-config="true" duration-ms="2" started-at="2021-06-27T12:33:59Z" finished-at="2021-06-27T12:33:59Z">
          <reporter-output>
          </reporter-output>
        </test-method> <!-- setup -->
        <test-method status="PASS" signature="updateEmployee()[pri:0, instance:com.orwrites.testcases.TC004_Put_Employee_Record@7085bdee]" name="updateEmployee" is-config="true" duration-ms="5569" started-at="2021-06-27T12:33:59Z" finished-at="2021-06-27T12:34:04Z">
          <reporter-output>
          </reporter-output>
        </test-method> <!-- updateEmployee -->
        <test-method status="FAIL" signature="checkContentType()[pri:0, instance:com.orwrites.testcases.TC004_Put_Employee_Record@7085bdee]" name="checkContentType" duration-ms="1" started-at="2021-06-27T12:34:04Z" finished-at="2021-06-27T12:34:04Z">
          <exception class="java.lang.AssertionError">
            <message>
              <![CDATA[expected [text/html; charset=UTF-8] but found [application/json]]]>
            </message>
            <full-stacktrace>
              <![CDATA[java.lang.AssertionError: expected [text/html; charset=UTF-8] but found [application/json]
at org.testng.Assert.fail(Assert.java:96)
at org.testng.Assert.failNotEquals(Assert.java:776)
at org.testng.Assert.assertEqualsImpl(Assert.java:137)
at org.testng.Assert.assertEquals(Assert.java:118)
at org.testng.Assert.assertEquals(Assert.java:453)
at org.testng.Assert.assertEquals(Assert.java:463)
at com.orwrites.testcases.TC004_Put_Employee_Record.checkContentType(TC004_Put_Employee_Record.java:77)
at sun.reflect.NativeMethodAccessorImpl.invoke0(Native Method)
at sun.reflect.NativeMethodAccessorImpl.invoke(NativeMethodAccessorImpl.java:62)
at sun.reflect.DelegatingMethodAccessorImpl.invoke(DelegatingMethodAccessorImpl.java:43)
at java.lang.reflect.Method.invoke(Method.java:498)
at org.testng.internal.MethodInvocationHelper.invokeMethod(MethodInvocationHelper.java:124)
at org.testng.internal.Invoker.invokeMethod(Invoker.java:583)
at org.testng.internal.Invoker.invokeTestMethod(Invoker.java:719)
at org.testng.internal.Invoker.invokeTestMethods(Invoker.java:989)
at org.testng.internal.TestMethodWorker.invokeTestMethods(TestMethodWorker.java:125)
at org.testng.internal.TestMethodWorker.run(TestMethodWorker.java:109)
at org.testng.TestRunner.privateRun(TestRunner.java:648)
at org.testng.TestRunner.run(TestRunner.java:505)
at org.testng.SuiteRunner.runTest(SuiteRunner.java:455)
at org.testng.SuiteRunner.runSequentially(SuiteRunner.java:450)
at org.testng.SuiteRunner.privateRun(SuiteRunner.java:415)
at org.testng.SuiteRunner.run(SuiteRunner.java:364)
at org.testng.SuiteRunnerWorker.runSuite(SuiteRunnerWorker.java:52)
at org.testng.SuiteRunnerWorker.run(SuiteRunnerWorker.java:84)
at org.testng.TestNG.runSuitesSequentially(TestNG.java:1208)
at org.testng.TestNG.runSuitesLocally(TestNG.java:1137)
at org.testng.TestNG.runSuites(TestNG.java:1049)
at org.testng.TestNG.run(TestNG.java:1017)
at org.testng.remote.AbstractRemoteTestNG.run(AbstractRemoteTestNG.java:132)
at org.testng.remote.RemoteTestNG.initAndRun(RemoteTestNG.java:230)
at org.testng.remote.RemoteTestNG.main(RemoteTestNG.java:76)
]]>
            </full-stacktrace>
          </exception> <!-- java.lang.AssertionError -->
          <reporter-output>
          </reporter-output>
        </test-method> <!-- checkContentType -->
        <test-method status="PASS" signature="checkResposeBody()[pri:0, instance:com.orwrites.testcases.TC004_Put_Employee_Record@7085bdee]" name="checkResposeBody" duration-ms="1" started-at="2021-06-27T12:34:04Z" finished-at="2021-06-27T12:34:04Z">
          <reporter-output>
          </reporter-output>
        </test-method> <!-- checkResposeBody -->
        <test-method status="PASS" signature="checkStatusCode()[pri:0, instance:com.orwrites.testcases.TC004_Put_Employee_Record@7085bdee]" name="checkStatusCode" duration-ms="1" started-at="2021-06-27T12:34:04Z" finished-at="2021-06-27T12:34:04Z">
          <reporter-output>
          </reporter-output>
        </test-method> <!-- checkStatusCode -->
        <test-method status="PASS" signature="checkcontentEncoding()[pri:0, instance:com.orwrites.testcases.TC004_Put_Employee_Record@7085bdee]" name="checkcontentEncoding" duration-ms="0" started-at="2021-06-27T12:34:04Z" finished-at="2021-06-27T12:34:04Z">
          <reporter-output>
          </reporter-output>
        </test-method> <!-- checkcontentEncoding -->
        <test-method status="FAIL" signature="checkserverType()[pri:0, instance:com.orwrites.testcases.TC004_Put_Employee_Record@7085bdee]" name="checkserverType" duration-ms="1" started-at="2021-06-27T12:34:04Z" finished-at="2021-06-27T12:34:04Z">
          <exception class="java.lang.AssertionError">
            <message>
              <![CDATA[expected [nginx/1.14.1] but found [cloudflare]]]>
            </message>
            <full-stacktrace>
              <![CDATA[java.lang.AssertionError: expected [nginx/1.14.1] but found [cloudflare]
at org.testng.Assert.fail(Assert.java:96)
at org.testng.Assert.failNotEquals(Assert.java:776)
at org.testng.Assert.assertEqualsImpl(Assert.java:137)
at org.testng.Assert.assertEquals(Assert.java:118)
at org.testng.Assert.assertEquals(Assert.java:453)
at org.testng.Assert.assertEquals(Assert.java:463)
at com.orwrites.testcases.TC004_Put_Employee_Record.checkserverType(TC004_Put_Employee_Record.java:83)
at sun.reflect.NativeMethodAccessorImpl.invoke0(Native Method)
at sun.reflect.NativeMethodAccessorImpl.invoke(NativeMethodAccessorImpl.java:62)
at sun.reflect.DelegatingMethodAccessorImpl.invoke(DelegatingMethodAccessorImpl.java:43)
at java.lang.reflect.Method.invoke(Method.java:498)
at org.testng.internal.MethodInvocationHelper.invokeMethod(MethodInvocationHelper.java:124)
at org.testng.internal.Invoker.invokeMethod(Invoker.java:583)
at org.testng.internal.Invoker.invokeTestMethod(Invoker.java:719)
at org.testng.internal.Invoker.invokeTestMethods(Invoker.java:989)
at org.testng.internal.TestMethodWorker.invokeTestMethods(TestMethodWorker.java:125)
at org.testng.internal.TestMethodWorker.run(TestMethodWorker.java:109)
at org.testng.TestRunner.privateRun(TestRunner.java:648)
at org.testng.TestRunner.run(TestRunner.java:505)
at org.testng.SuiteRunner.runTest(SuiteRunner.java:455)
at org.testng.SuiteRunner.runSequentially(SuiteRunner.java:450)
at org.testng.SuiteRunner.privateRun(SuiteRunner.java:415)
at org.testng.SuiteRunner.run(SuiteRunner.java:364)
at org.testng.SuiteRunnerWorker.runSuite(SuiteRunnerWorker.java:52)
at org.testng.SuiteRunnerWorker.run(SuiteRunnerWorker.java:84)
at org.testng.TestNG.runSuitesSequentially(TestNG.java:1208)
at org.testng.TestNG.runSuitesLocally(TestNG.java:1137)
at org.testng.TestNG.runSuites(TestNG.java:1049)
at org.testng.TestNG.run(TestNG.java:1017)
at org.testng.remote.AbstractRemoteTestNG.run(AbstractRemoteTestNG.java:132)
at org.testng.remote.RemoteTestNG.initAndRun(RemoteTestNG.java:230)
at org.testng.remote.RemoteTestNG.main(RemoteTestNG.java:76)
]]>
            </full-stacktrace>
          </exception> <!-- java.lang.AssertionError -->
          <reporter-output>
          </reporter-output>
        </test-method> <!-- checkserverType -->
        <test-method status="PASS" signature="checkstatusLine()[pri:0, instance:com.orwrites.testcases.TC004_Put_Employee_Record@7085bdee]" name="checkstatusLine" duration-ms="1" started-at="2021-06-27T12:34:04Z" finished-at="2021-06-27T12:34:04Z">
          <reporter-output>
          </reporter-output>
        </test-method> <!-- checkstatusLine -->
        <test-method status="PASS" signature="tearDown()[pri:0, instance:com.orwrites.testcases.TC004_Put_Employee_Record@7085bdee]" name="tearDown" is-config="true" duration-ms="0" started-at="2021-06-27T12:34:04Z" finished-at="2021-06-27T12:34:04Z">
          <reporter-output>
          </reporter-output>
        </test-method> <!-- tearDown -->
      </class> <!-- com.orwrites.testcases.TC004_Put_Employee_Record -->
      <class name="com.emp.testcases.TC001_GetAllEmpInfo">
        <test-method status="PASS" signature="setup()[pri:0, instance:com.emp.testcases.TC001_GetAllEmpInfo@3fee9989]" name="setup" is-config="true" duration-ms="1" started-at="2021-06-27T12:34:17Z" finished-at="2021-06-27T12:34:17Z">
          <reporter-output>
          </reporter-output>
        </test-method> <!-- setup -->
        <test-method status="PASS" signature="getEmployeesInfo()[pri:0, instance:com.emp.testcases.TC001_GetAllEmpInfo@3fee9989]" name="getEmployeesInfo" is-config="true" duration-ms="758" started-at="2021-06-27T12:34:17Z" finished-at="2021-06-27T12:34:18Z">
          <reporter-output>
          </reporter-output>
        </test-method> <!-- getEmployeesInfo -->
        <test-method status="PASS" signature="checkContentEncoding()[pri:0, instance:com.emp.testcases.TC001_GetAllEmpInfo@3fee9989]" name="checkContentEncoding" duration-ms="1" started-at="2021-06-27T12:34:18Z" finished-at="2021-06-27T12:34:18Z">
          <reporter-output>
          </reporter-output>
        </test-method> <!-- checkContentEncoding -->
        <test-method status="PASS" signature="checkContentLength()[pri:0, instance:com.emp.testcases.TC001_GetAllEmpInfo@3fee9989]" name="checkContentLength" duration-ms="4" started-at="2021-06-27T12:34:18Z" finished-at="2021-06-27T12:34:18Z">
          <reporter-output>
          </reporter-output>
        </test-method> <!-- checkContentLength -->
        <test-method status="PASS" signature="checkContentType()[pri:0, instance:com.emp.testcases.TC001_GetAllEmpInfo@3fee9989]" name="checkContentType" duration-ms="2" started-at="2021-06-27T12:34:18Z" finished-at="2021-06-27T12:34:18Z">
          <reporter-output>
          </reporter-output>
        </test-method> <!-- checkContentType -->
        <test-method status="PASS" signature="checkCookies()[pri:0, instance:com.emp.testcases.TC001_GetAllEmpInfo@3fee9989]" name="checkCookies" duration-ms="2" started-at="2021-06-27T12:34:18Z" finished-at="2021-06-27T12:34:18Z">
          <reporter-output>
          </reporter-output>
        </test-method> <!-- checkCookies -->
        <test-method status="PASS" signature="checkResponseBody()[pri:0, instance:com.emp.testcases.TC001_GetAllEmpInfo@3fee9989]" name="checkResponseBody" duration-ms="2" started-at="2021-06-27T12:34:18Z" finished-at="2021-06-27T12:34:18Z">
          <reporter-output>
          </reporter-output>
        </test-method> <!-- checkResponseBody -->
        <test-method status="PASS" signature="checkResponseTime()[pri:0, instance:com.emp.testcases.TC001_GetAllEmpInfo@3fee9989]" name="checkResponseTime" duration-ms="1" started-at="2021-06-27T12:34:18Z" finished-at="2021-06-27T12:34:18Z">
          <reporter-output>
          </reporter-output>
        </test-method> <!-- checkResponseTime -->
        <test-method status="PASS" signature="checkServerType()[pri:0, instance:com.emp.testcases.TC001_GetAllEmpInfo@3fee9989]" name="checkServerType" duration-ms="1" started-at="2021-06-27T12:34:18Z" finished-at="2021-06-27T12:34:18Z">
          <reporter-output>
          </reporter-output>
        </test-method> <!-- checkServerType -->
        <test-method status="PASS" signature="checkStatusCode()[pri:0, instance:com.emp.testcases.TC001_GetAllEmpInfo@3fee9989]" name="checkStatusCode" duration-ms="1" started-at="2021-06-27T12:34:18Z" finished-at="2021-06-27T12:34:18Z">
          <reporter-output>
          </reporter-output>
        </test-method> <!-- checkStatusCode -->
        <test-method status="PASS" signature="statusLine()[pri:0, instance:com.emp.testcases.TC001_GetAllEmpInfo@3fee9989]" name="statusLine" duration-ms="2" started-at="2021-06-27T12:34:18Z" finished-at="2021-06-27T12:34:18Z">
          <reporter-output>
          </reporter-output>
        </test-method> <!-- statusLine -->
        <test-method status="PASS" signature="tearDown()[pri:0, instance:com.emp.testcases.TC001_GetAllEmpInfo@3fee9989]" name="tearDown" is-config="true" duration-ms="0" started-at="2021-06-27T12:34:18Z" finished-at="2021-06-27T12:34:18Z">
          <reporter-output>
          </reporter-output>
        </test-method> <!-- tearDown -->
      </class> <!-- com.emp.testcases.TC001_GetAllEmpInfo -->
      <class name="com.orwrites.testcases.TC003_Post_Employee_Record">
        <test-method status="PASS" signature="setup()[pri:0, instance:com.orwrites.testcases.TC003_Post_Employee_Record@553f17c]" name="setup" is-config="true" duration-ms="3" started-at="2021-06-27T12:33:52Z" finished-at="2021-06-27T12:33:52Z">
          <reporter-output>
          </reporter-output>
        </test-method> <!-- setup -->
        <test-method status="PASS" signature="createEmployee()[pri:0, instance:com.orwrites.testcases.TC003_Post_Employee_Record@553f17c]" name="createEmployee" is-config="true" duration-ms="5591" started-at="2021-06-27T12:33:52Z" finished-at="2021-06-27T12:33:58Z">
          <reporter-output>
          </reporter-output>
        </test-method> <!-- createEmployee -->
        <test-method status="PASS" signature="checkContentType()[pri:0, instance:com.orwrites.testcases.TC003_Post_Employee_Record@553f17c]" name="checkContentType" duration-ms="0" started-at="2021-06-27T12:33:58Z" finished-at="2021-06-27T12:33:58Z">
          <reporter-output>
          </reporter-output>
        </test-method> <!-- checkContentType -->
        <test-method status="PASS" signature="checkResposeBody()[pri:0, instance:com.orwrites.testcases.TC003_Post_Employee_Record@553f17c]" name="checkResposeBody" duration-ms="1" started-at="2021-06-27T12:33:58Z" finished-at="2021-06-27T12:33:58Z">
          <reporter-output>
          </reporter-output>
        </test-method> <!-- checkResposeBody -->
        <test-method status="PASS" signature="checkStatusCode()[pri:0, instance:com.orwrites.testcases.TC003_Post_Employee_Record@553f17c]" name="checkStatusCode" duration-ms="1" started-at="2021-06-27T12:33:58Z" finished-at="2021-06-27T12:33:58Z">
          <reporter-output>
          </reporter-output>
        </test-method> <!-- checkStatusCode -->
        <test-method status="PASS" signature="checkcontentEncoding()[pri:0, instance:com.orwrites.testcases.TC003_Post_Employee_Record@553f17c]" name="checkcontentEncoding" duration-ms="1" started-at="2021-06-27T12:33:58Z" finished-at="2021-06-27T12:33:58Z">
          <reporter-output>
          </reporter-output>
        </test-method> <!-- checkcontentEncoding -->
        <test-method status="PASS" signature="checkserverType()[pri:0, instance:com.orwrites.testcases.TC003_Post_Employee_Record@553f17c]" name="checkserverType" duration-ms="1" started-at="2021-06-27T12:33:58Z" finished-at="2021-06-27T12:33:58Z">
          <reporter-output>
          </reporter-output>
        </test-method> <!-- checkserverType -->
        <test-method status="PASS" signature="checkstatusLine()[pri:0, instance:com.orwrites.testcases.TC003_Post_Employee_Record@553f17c]" name="checkstatusLine" duration-ms="1" started-at="2021-06-27T12:33:58Z" finished-at="2021-06-27T12:33:58Z">
          <reporter-output>
          </reporter-output>
        </test-method> <!-- checkstatusLine -->
        <test-method status="PASS" signature="tearDown()[pri:0, instance:com.orwrites.testcases.TC003_Post_Employee_Record@553f17c]" name="tearDown" is-config="true" duration-ms="1" started-at="2021-06-27T12:33:58Z" finished-at="2021-06-27T12:33:58Z">
          <reporter-output>
          </reporter-output>
        </test-method> <!-- tearDown -->
      </class> <!-- com.orwrites.testcases.TC003_Post_Employee_Record -->
    </test> <!-- Default test -->
  </suite> <!-- Default suite -->
</testng-results>
